TN:
SF:src/canal.ts
FN:6,<instance_members_initializer>
FN:10,notificar
FN:15,registrar
FN:19,eliminar
FN:23,getNoticias
FNF:5
FNH:4
FNDA:2,<instance_members_initializer>
FNDA:2,notificar
FNDA:1,registrar
FNDA:0,eliminar
FNDA:1,getNoticias
DA:1,1
DA:2,1
DA:3,1
DA:4,1
DA:5,1
DA:6,1
DA:7,2
DA:8,2
DA:9,2
DA:10,2
DA:11,2
DA:12,2
DA:13,2
DA:14,2
DA:15,2
DA:16,1
DA:17,1
DA:18,2
DA:19,2
DA:20,0
DA:21,0
DA:22,2
DA:23,2
DA:24,1
DA:25,1
DA:26,2
LF:26
LH:24
BRDA:6,0,0,2
BRDA:10,1,0,2
BRDA:12,2,0,1
BRDA:15,3,0,1
BRDA:23,4,0,1
BRF:5
BRH:5
end_of_record
TN:
SF:src/noticia.ts
FN:4,<instance_members_initializer>
FN:8,Noticia
FN:13,getTitulo
FN:17,getContenido
FNF:4
FNH:4
FNDA:3,<instance_members_initializer>
FNDA:3,Noticia
FNDA:1,getTitulo
FNDA:1,getContenido
DA:1,1
DA:2,1
DA:3,1
DA:4,1
DA:5,3
DA:6,3
DA:7,3
DA:8,3
DA:9,3
DA:10,3
DA:11,3
DA:12,3
DA:13,3
DA:14,1
DA:15,1
DA:16,3
DA:17,3
DA:18,1
DA:19,1
DA:20,3
LF:20
LH:20
BRDA:4,0,0,3
BRDA:8,1,0,3
BRDA:13,2,0,1
BRDA:17,3,0,1
BRF:4
BRH:4
end_of_record
TN:
SF:src/suscriptor.ts
FN:5,<instance_members_initializer>
FN:8,Suscriptor
FN:12,update
FNF:3
FNH:3
FNDA:1,<instance_members_initializer>
FNDA:1,Suscriptor
FNDA:2,update
DA:1,1
DA:2,1
DA:3,1
DA:4,1
DA:5,1
DA:6,1
DA:7,1
DA:8,1
DA:9,1
DA:10,1
DA:11,1
DA:12,1
DA:13,2
DA:14,2
DA:15,2
DA:16,1
LF:16
LH:16
BRDA:5,0,0,1
BRDA:8,1,0,1
BRDA:12,2,0,2
BRF:3
BRH:3
end_of_record
